Traceback (most recent call last):
  File "/opt/hostedtoolcache/Python/3.8.17/x64/lib/python3.8/site-packages/jupyter_cache/executors/utils.py", line 58, in single_nb_execution
    executenb(
  File "/opt/hostedtoolcache/Python/3.8.17/x64/lib/python3.8/site-packages/nbclient/client.py", line 1305, in execute
    return NotebookClient(nb=nb, resources=resources, km=km, **kwargs).execute()
  File "/opt/hostedtoolcache/Python/3.8.17/x64/lib/python3.8/site-packages/jupyter_core/utils/__init__.py", line 166, in wrapped
    return loop.run_until_complete(inner)
  File "/opt/hostedtoolcache/Python/3.8.17/x64/lib/python3.8/asyncio/base_events.py", line 616, in run_until_complete
    return future.result()
  File "/opt/hostedtoolcache/Python/3.8.17/x64/lib/python3.8/site-packages/nbclient/client.py", line 705, in async_execute
    await self.async_execute_cell(
  File "/opt/hostedtoolcache/Python/3.8.17/x64/lib/python3.8/site-packages/nbclient/client.py", line 1058, in async_execute_cell
    await self._check_raise_for_error(cell, cell_index, exec_reply)
  File "/opt/hostedtoolcache/Python/3.8.17/x64/lib/python3.8/site-packages/nbclient/client.py", line 914, in _check_raise_for_error
    raise CellExecutionError.from_cell_and_msg(cell, exec_reply_content)
nbclient.exceptions.CellExecutionError: An error occurred while executing the following cell:
------------------
title = ''
description = ''
resource_names = []
resource_descriptions = []
organization_title = ""
organization_description = ""

result = gen_keyword(title, description, resource_names, resource_descriptions, organization_title, organization_description)
------------------

----- stderr -----
Tokenization:   0%|          | 0/6 [00:00<?, ?it/s]
----- stderr -----
Tokenization: 100%|██████████| 6/6 [00:00<00:00, 66400.59it/s]
----- stderr -----

------------------

[0;31m---------------------------------------------------------------------------[0m
[0;31mValueError[0m                                Traceback (most recent call last)
Cell [0;32mIn[3], line 8[0m
[1;32m      5[0m organization_title [38;5;241m=[39m [38;5;124m"[39m[38;5;124m"[39m
[1;32m      6[0m organization_description [38;5;241m=[39m [38;5;124m"[39m[38;5;124m"[39m
[0;32m----> 8[0m result [38;5;241m=[39m [43mgen_keyword[49m[43m([49m[43mtitle[49m[43m,[49m[43m [49m[43mdescription[49m[43m,[49m[43m [49m[43mresource_names[49m[43m,[49m[43m [49m[43mresource_descriptions[49m[43m,[49m[43m [49m[43morganization_title[49m[43m,[49m[43m [49m[43morganization_description[49m[43m)[49m

Cell [0;32mIn[2], line 47[0m, in [0;36mgen_keyword[0;34m(title, description, resource_names, resource_descriptions, organization_title, organization_description)[0m
[1;32m     45[0m     [38;5;28;01mreturn[39;00m [38;5;241m-[39m[38;5;241m1[39m
[1;32m     46[0m [38;5;28;01melse[39;00m:
[0;32m---> 47[0m    keyword_map [38;5;241m=[39m [43mmake_keyword_map[49m[43m([49m[43minput_list[49m[43m)[49m
[1;32m     48[0m    [38;5;28;01mreturn[39;00m keyword_map

Cell [0;32mIn[2], line 27[0m, in [0;36mmake_keyword_map[0;34m(input_list)[0m
[1;32m     25[0m [38;5;28;01mdef[39;00m [38;5;21mmake_keyword_map[39m(input_list):
[1;32m     26[0m     [38;5;66;03m# NER task[39;00m
[0;32m---> 27[0m     ner [38;5;241m=[39m [43mner_driver[49m[43m([49m[43minput_list[49m[43m)[49m
[1;32m     29[0m     [38;5;66;03m# Build keyword_map to store potential words[39;00m
[1;32m     30[0m     avoid_class [38;5;241m=[39m [[38;5;124m'[39m[38;5;124mQUANTITY[39m[38;5;124m'[39m, [38;5;124m'[39m[38;5;124mCARDINAL[39m[38;5;124m'[39m, [38;5;124m'[39m[38;5;124mDATE[39m[38;5;124m'[39m, [38;5;124m'[39m[38;5;124mORDINAL[39m[38;5;124m'[39m]

File [0;32m/opt/hostedtoolcache/Python/3.8.17/x64/lib/python3.8/site-packages/ckip_transformers/nlp/driver.py:283[0m, in [0;36mCkipNerChunker.__call__[0;34m(self, input_text, use_delim, **kwargs)[0m
[1;32m    252[0m [38;5;250m[39m[38;5;124;03m"""Call the driver.[39;00m
[1;32m    253[0m 
[1;32m    254[0m [38;5;124;03mParameters[39;00m
[0;32m   (...)[0m
[1;32m    276[0m [38;5;124;03m        A list of list of entities (:class:`~.util.NerToken`).[39;00m
[1;32m    277[0m [38;5;124;03m"""[39;00m
[1;32m    279[0m [38;5;66;03m# Call model[39;00m
[1;32m    280[0m (
[1;32m    281[0m     logits,
[1;32m    282[0m     index_map,
[0;32m--> 283[0m ) [38;5;241m=[39m [38;5;28;43msuper[39;49m[43m([49m[43m)[49m[38;5;241;43m.[39;49m[38;5;21;43m__call__[39;49m[43m([49m[43minput_text[49m[43m,[49m[43m [49m[43muse_delim[49m[38;5;241;43m=[39;49m[43muse_delim[49m[43m,[49m[43m [49m[38;5;241;43m*[39;49m[38;5;241;43m*[39;49m[43mkwargs[49m[43m)[49m
[1;32m    285[0m [38;5;66;03m# Get labels[39;00m
[1;32m    286[0m id2label [38;5;241m=[39m [38;5;28mself[39m[38;5;241m.[39mmodel[38;5;241m.[39mconfig[38;5;241m.[39mid2label

File [0;32m/opt/hostedtoolcache/Python/3.8.17/x64/lib/python3.8/site-packages/ckip_transformers/nlp/util.py:166[0m, in [0;36mCkipTokenClassification.__call__[0;34m(self, input_text, use_delim, delim_set, batch_size, max_length, show_progress, pin_memory)[0m
[1;32m    159[0m (input_ids, index_map,) [38;5;241m=[39m [38;5;28mself[39m[38;5;241m.[39m_flatten_input_ids(
[1;32m    160[0m     input_ids_worded[38;5;241m=[39minput_ids_worded,
[1;32m    161[0m     max_length[38;5;241m=[39mmax_length,
[1;32m    162[0m     delim_index[38;5;241m=[39mdelim_index,
[1;32m    163[0m )
[1;32m    165[0m [38;5;66;03m# Pad and segment input IDs[39;00m
[0;32m--> 166[0m (input_ids, attention_mask,) [38;5;241m=[39m [38;5;28;43mself[39;49m[38;5;241;43m.[39;49m[43m_pad_input_ids[49m[43m([49m
[1;32m    167[0m [43m    [49m[43minput_ids[49m[38;5;241;43m=[39;49m[43minput_ids[49m[43m,[49m
[1;32m    168[0m [43m[49m[43m)[49m
[1;32m    170[0m [38;5;66;03m# Convert input format[39;00m
[1;32m    171[0m encoded_input [38;5;241m=[39m BatchEncoding(
[1;32m    172[0m     data[38;5;241m=[39m[38;5;28mdict[39m(
[1;32m    173[0m         input_ids[38;5;241m=[39minput_ids,
[0;32m   (...)[0m
[1;32m    176[0m     tensor_type[38;5;241m=[39m[38;5;124m"[39m[38;5;124mpt[39m[38;5;124m"[39m,
[1;32m    177[0m )

File [0;32m/opt/hostedtoolcache/Python/3.8.17/x64/lib/python3.8/site-packages/ckip_transformers/nlp/util.py:276[0m, in [0;36mCkipTokenClassification._pad_input_ids[0;34m(self, input_ids)[0m
[1;32m    271[0m [38;5;28;01mdef[39;00m [38;5;21m_pad_input_ids[39m(
[1;32m    272[0m     [38;5;28mself[39m,
[1;32m    273[0m     [38;5;241m*[39m,
[1;32m    274[0m     input_ids,
[1;32m    275[0m ):
[0;32m--> 276[0m     max_length [38;5;241m=[39m [38;5;28;43mmax[39;49m[43m([49m[38;5;28;43mmap[39;49m[43m([49m[38;5;28;43mlen[39;49m[43m,[49m[43m [49m[43minput_ids[49m[43m)[49m[43m)[49m
[1;32m    278[0m     padded_input_ids [38;5;241m=[39m []
[1;32m    279[0m     attention_mask [38;5;241m=[39m []

[0;31mValueError[0m: max() arg is an empty sequence

